Log: Log file open, 06/03/19 12:41:27
Init: Name subsystem initialized
Init: Detected: Microsoft Windows NT 6.2 (Build: 9200)
Init: Version: 436
Init: Compiled: Oct 24 2000 23:40:18
Init: Command line: testrendev=D3DDrv.D3DRenderDevice log=Detected.log
Init: Base directory: C:\Users\jory.ettinger-smith\Desktop\UnrealTournament\System\
Init: Character set: Unicode
Log: Bound to Engine.dll
Log: Bound to Core.dll
Log: Bound to Window.dll
Init: Object subsystem initialized
Init: Computer: ZC208
Init: User: joryettingersmith
Init: Memory total: Phys=2097151K Pagef=4194303K Virt=2097024K
Init: Working set: 32000 / 159000
Init: CPU Speed=2808.002497 MHz
Init: CPU Page size=4096, Processors=8
Init: CPU Detected: PentiumPro-class processor (GenuineIntel)
Init: CPU Features: CMov FPU RDTSC PAE MMX KNI
Log: Detecting D3DDrv.D3DRenderDevice
Log: Bound to D3DDrv.dll
Init: DirectDraw drivers detected:
Init:    display (Primary Display Driver)
Init: D3D Device: Supports system memory DMA blts
Log: D3D Device 4194240K vram, 4186140K free
Init: Unreal Tournament Direct3D support - internal revision 1.9c
Init: D3D Device: szDriver=igdumdim32.dll
Init: D3D Device: szDescription=Intel(R) HD Graphics 630
Init: D3D Device: wProduct=0
Init: D3D Device: wVersion=0
Init: D3D Device: wSubVersion=0
Init: D3D Device: wBuild=0
Init: D3D Device: dwVendorId=32902
Init: D3D Device: dwDeviceId=22811
Init: D3D Device: dwSubSysId=-2062936744
Init: D3D Device: dwRevision=4
Init: Successfully tested Direct3D presence (DD_OK)
Init: DirectDraw drivers detected:
Init:    display (Primary Display Driver)
Init: D3D Device: Supports system memory DMA blts
Log: D3D Device 4194240K vram, 4186140K free
Init: Unreal Tournament Direct3D support - internal revision 1.9c
Init: D3D Device: szDriver=igdumdim32.dll
Init: D3D Device: szDescription=Intel(R) HD Graphics 630
Init: D3D Device: wProduct=0
Init: D3D Device: wVersion=0
Init: D3D Device: wSubVersion=0
Init: D3D Device: wBuild=0
Init: D3D Device: dwVendorId=32902
Init: D3D Device: dwDeviceId=22811
Init: D3D Device: dwSubSysId=-2062936744
Init: D3D Device: dwRevision=4
Init: Successfully tested Direct3D presence (DD_OK)
Log: Successfully detected D3DDrv.D3DRenderDevice
Exit: Preparing to exit.
Log: Purging garbage
Log: Unbound to Engine.dll
Log: Unbound to Core.dll
Log: Unbound to Window.dll
Log: Unbound to D3DDrv.dll
Log: Garbage: objects: 219->0; refs: 0
Exit: Object subsystem successfully closed.
Exit: Exiting.
Uninitialized: Name subsystem shut down
Uninitialized: Memory Allocation Status
Uninitialized: Curr Memory  0.005M /  0.184M
Uninitialized: Peak Memory  0.596M /  2.832M
Uninitialized: Allocs           3 Current /   6642 Total
Uninitialized: Log file closed, 06/03/19 12:41:28
